<?xml version="1.0" encoding="UTF-8"?>
<!-- Generated by org.testng.reporters.JUnitReportReporter -->
<testsuite hostname="DESKTOP-DUGD1NL" failures="0" tests="4" name="facebook.testClasses.LoginTest" time="20.951" errors="0" timestamp="2023-02-18T19:47:31 IST" skipped="3">
  <testcase classname="facebook.testClasses.LoginTest" name="verifyUserCanLogin" time="20.951"/>
  <system-out>
    <![CDATA[testpassed]]>
  </system-out>
  <testcase classname="facebook.testClasses.LoginTest" name="editProfile">
    <skipped/>
  </testcase> <!-- editProfile -->
  <system-out/>
  <testcase classname="facebook.testClasses.LoginTest" name="homePage">
    <skipped/>
  </testcase> <!-- homePage -->
  <system-out/>
  <testcase classname="facebook.testClasses.LoginTest" name="shareStroy">
    <skipped/>
  </testcase> <!-- shareStroy -->
  <system-out/>
</testsuite> <!-- facebook.testClasses.LoginTest -->
